# JRE version: OpenJDK Runtime Environment Temurin-17.0.9+9 (17.0.9+9) (build 17.0.9+9)
# Java VM: OpenJDK 64-Bit Server VM Temurin-17.0.9+9 (17.0.9+9, mixed mode, emulated-client, tiered, compressed oops, compressed class ptrs, g1 gc, windows-amd64)
GC Precious Log:
 CPUs: 3 total, 3 available
 Memory: 10239M
 Large Page Support: Disabled
 NUMA Support: Disabled
 Compressed Oops: Enabled (Zero based)
 Heap Region Size: 2M
 Heap Min Capacity: 8M
 Heap Initial Capacity: 160M
 Heap Max Capacity: 2560M
 Pre-touch: Disabled
 Parallel Workers: 3
 Concurrent Workers: 1
 Concurrent Refinement Workers: 3
 Periodic GC: Disabled
Heap:
 garbage-first heap   total 118784K, used 55300K [0x0000000760000000, 0x0000000800000000)
  region size 2048K, 2 young (4096K), 2 survivors (4096K)
 Metaspace       used 90618K, committed 91264K, reserved 1179648K
  class space    used 12772K, committed 13056K, reserved 1048576K
GC Heap History (20 events):
Event: 269.723 GC heap after
{Heap after GC invocations=449 (full 0):
 garbage-first heap   total 118784K, used 54887K [0x0000000760000000, 0x0000000800000000)
  region size 2048K, 1 young (2048K), 1 survivors (2048K)
 Metaspace       used 90618K, committed 91264K, reserved 1179648K
  class space    used 12772K, committed 13056K, reserved 1048576K
}
Event: 269.835 GC heap before
{Heap before GC invocations=449 (full 0):
 garbage-first heap   total 118784K, used 95847K [0x0000000760000000, 0x0000000800000000)
  region size 2048K, 22 young (45056K), 1 survivors (2048K)
 Metaspace       used 90618K, committed 91264K, reserved 1179648K
  class space    used 12772K, committed 13056K, reserved 1048576K
}
Event: 269.985 GC heap after
{Heap after GC invocations=450 (full 0):
 garbage-first heap   total 118784K, used 56050K [0x0000000760000000, 0x0000000800000000)
  region size 2048K, 2 young (4096K), 2 survivors (4096K)
 Metaspace       used 90618K, committed 91264K, reserved 1179648K
  class space    used 12772K, committed 13056K, reserved 1048576K
}
Event: 270.115 GC heap before
{Heap before GC invocations=450 (full 0):
 garbage-first heap   total 118784K, used 94962K [0x0000000760000000, 0x0000000800000000)
  region size 2048K, 22 young (45056K), 2 survivors (4096K)
 Metaspace       used 90618K, committed 91264K, reserved 1179648K
  class space    used 12772K, committed 13056K, reserved 1048576K
}
Event: 270.116 GC heap after
{Heap after GC invocations=451 (full 0):
 garbage-first heap   total 118784K, used 54665K [0x0000000760000000, 0x0000000800000000)
  region size 2048K, 1 young (2048K), 1 survivors (2048K)
 Metaspace       used 90618K, committed 91264K, reserved 1179648K
  class space    used 12772K, committed 13056K, reserved 1048576K
}
Event: 270.499 GC heap before
{Heap before GC invocations=451 (full 0):
 garbage-first heap   total 118784K, used 95625K [0x0000000760000000, 0x0000000800000000)
  region size 2048K, 22 young (45056K), 1 survivors (2048K)
 Metaspace       used 90618K, committed 91264K, reserved 1179648K
  class space    used 12772K, committed 13056K, reserved 1048576K
}
Event: 270.501 GC heap after
{Heap after GC invocations=452 (full 0):
 garbage-first heap   total 118784K, used 57299K [0x0000000760000000, 0x0000000800000000)
  region size 2048K, 3 young (6144K), 3 survivors (6144K)
 Metaspace       used 90618K, committed 91264K, reserved 1179648K
  class space    used 12772K, committed 13056K, reserved 1048576K
}
Event: 272.936 GC heap before
{Heap before GC invocations=452 (full 0):
 garbage-first heap   total 118784K, used 92115K [0x0000000760000000, 0x0000000800000000)
  region size 2048K, 21 young (43008K), 3 survivors (6144K)
 Metaspace       used 90618K, committed 91264K, reserved 1179648K
  class space    used 12772K, committed 13056K, reserved 1048576K
}
Event: 272.937 GC heap after
{Heap after GC invocations=453 (full 0):
 garbage-first heap   total 118784K, used 56813K [0x0000000760000000, 0x0000000800000000)
  region size 2048K, 2 young (4096K), 2 survivors (4096K)
 Metaspace       used 90618K, committed 91264K, reserved 1179648K
  class space    used 12772K, committed 13056K, reserved 1048576K
}
Event: 273.674 GC heap before
{Heap before GC invocations=453 (full 0):
 garbage-first heap   total 118784K, used 93677K [0x0000000760000000, 0x0000000800000000)
  region size 2048K, 21 young (43008K), 2 survivors (4096K)
 Metaspace       used 90618K, committed 91264K, reserved 1179648K
  class space    used 12772K, committed 13056K, reserved 1048576K
}
Event: 273.675 GC heap after
{Heap after GC invocations=454 (full 0):
 garbage-first heap   total 118784K, used 53829K [0x0000000760000000, 0x0000000800000000)
  region size 2048K, 1 young (2048K), 1 survivors (2048K)
 Metaspace       used 90618K, committed 91264K, reserved 1179648K
  class space    used 12772K, committed 13056K, reserved 1048576K
}
Event: 273.823 GC heap before
{Heap before GC invocations=454 (full 0):
 garbage-first heap   total 118784K, used 94789K [0x0000000760000000, 0x0000000800000000)
  region size 2048K, 22 young (45056K), 1 survivors (2048K)
 Metaspace       used 90618K, committed 91264K, reserved 1179648K
  class space    used 12772K, committed 13056K, reserved 1048576K
}
Event: 273.824 GC heap after
{Heap after GC invocations=455 (full 0):
 garbage-first heap   total 118784K, used 56720K [0x0000000760000000, 0x0000000800000000)
  region size 2048K, 2 young (4096K), 2 survivors (4096K)
 Metaspace       used 90618K, committed 91264K, reserved 1179648K
  class space    used 12772K, committed 13056K, reserved 1048576K
}
Event: 274.051 GC heap before
{Heap before GC invocations=455 (full 0):
 garbage-first heap   total 118784K, used 93584K [0x0000000760000000, 0x0000000800000000)
  region size 2048K, 21 young (43008K), 2 survivors (4096K)
 Metaspace       used 90618K, committed 91264K, reserved 1179648K
  class space    used 12772K, committed 13056K, reserved 1048576K
}
Event: 274.052 GC heap after
{Heap after GC invocations=456 (full 0):
 garbage-first heap   total 118784K, used 54182K [0x0000000760000000, 0x0000000800000000)
  region size 2048K, 1 young (2048K), 1 survivors (2048K)
 Metaspace       used 90618K, committed 91264K, reserved 1179648K
  class space    used 12772K, committed 13056K, reserved 1048576K
}
Event: 274.609 GC heap before
{Heap before GC invocations=456 (full 0):
 garbage-first heap   total 118784K, used 95142K [0x0000000760000000, 0x0000000800000000)
  region size 2048K, 22 young (45056K), 1 survivors (2048K)
 Metaspace       used 90618K, committed 91264K, reserved 1179648K
  class space    used 12772K, committed 13056K, reserved 1048576K
}
Event: 274.610 GC heap after
{Heap after GC invocations=457 (full 0):
 garbage-first heap   total 118784K, used 55533K [0x0000000760000000, 0x0000000800000000)
  region size 2048K, 2 young (4096K), 2 survivors (4096K)
 Metaspace       used 90618K, committed 91264K, reserved 1179648K
  class space    used 12772K, committed 13056K, reserved 1048576K
}
Event: 274.745 GC heap before
{Heap before GC invocations=457 (full 0):
 garbage-first heap   total 118784K, used 94445K [0x0000000760000000, 0x0000000800000000)
  region size 2048K, 22 young (45056K), 2 survivors (4096K)
 Metaspace       used 90618K, committed 91264K, reserved 1179648K
  class space    used 12772K, committed 13056K, reserved 1048576K
}
Event: 274.746 GC heap after
{Heap after GC invocations=458 (full 0):
 garbage-first heap   total 118784K, used 55634K [0x0000000760000000, 0x0000000800000000)
  region size 2048K, 2 young (4096K), 2 survivors (4096K)
 Metaspace       used 90618K, committed 91264K, reserved 1179648K
  class space    used 12772K, committed 13056K, reserved 1048576K
}
Event: 278.350 GC heap before
{Heap before GC invocations=458 (full 0):
 garbage-first heap   total 118784K, used 94546K [0x0000000760000000, 0x0000000800000000)
  region size 2048K, 22 young (45056K), 2 survivors (4096K)
 Metaspace       used 90618K, committed 91264K, reserved 1179648K
  class space    used 12772K, committed 13056K, reserved 1048576K
}

